<?xml version="1.0" encoding="UTF-8"?>
<testsuite name="com.example.rqchallenge.employees.IEmployeeControllerImplTest" tests="7" skipped="0" failures="0" errors="0" timestamp="2023-10-10T17:16:31" hostname="LAPTOP-D6F6AQLE" time="0.373">
  <properties/>
  <testcase name="testGetTopTenHighestEarningEmployeeNames()" classname="com.example.rqchallenge.employees.IEmployeeControllerImplTest" time="0.163"/>
  <testcase name="testGetHighestSalaryOfEmployees()" classname="com.example.rqchallenge.employees.IEmployeeControllerImplTest" time="0.015"/>
  <testcase name="testDeleteEmployeeById()" classname="com.example.rqchallenge.employees.IEmployeeControllerImplTest" time="0.025"/>
  <testcase name="testGetEmployeeById()" classname="com.example.rqchallenge.employees.IEmployeeControllerImplTest" time="0.059"/>
  <testcase name="testCreateEmployee()" classname="com.example.rqchallenge.employees.IEmployeeControllerImplTest" time="0.08"/>
  <testcase name="testGetAllEmployees()" classname="com.example.rqchallenge.employees.IEmployeeControllerImplTest" time="0.009"/>
  <testcase name="testGetEmployeesByNameSearch()" classname="com.example.rqchallenge.employees.IEmployeeControllerImplTest" time="0.009"/>
  <system-out><![CDATA[22:46:27.774 [Test worker] DEBUG org.springframework.test.context.BootstrapUtils - Instantiating CacheAwareContextLoaderDelegate from class [org.springframework.test.context.cache.DefaultCacheAwareContextLoaderDelegate]
22:46:27.794 [Test worker] DEBUG org.springframework.test.context.BootstrapUtils - Instantiating BootstrapContext using constructor [public org.springframework.test.context.support.DefaultBootstrapContext(java.lang.Class,org.springframework.test.context.CacheAwareContextLoaderDelegate)]
22:46:27.944 [Test worker] DEBUG org.springframework.test.context.BootstrapUtils - Instantiating TestContextBootstrapper for test class [com.example.rqchallenge.employees.IEmployeeControllerImplTest] from class [org.springframework.boot.test.autoconfigure.web.servlet.WebMvcTestContextBootstrapper]
22:46:27.968 [Test worker] INFO org.springframework.boot.test.autoconfigure.web.servlet.WebMvcTestContextBootstrapper - Neither @ContextConfiguration nor @ContextHierarchy found for test class [com.example.rqchallenge.employees.IEmployeeControllerImplTest], using SpringBootContextLoader
22:46:27.986 [Test worker] DEBUG org.springframework.test.context.support.AbstractContextLoader - Did not detect default resource location for test class [com.example.rqchallenge.employees.IEmployeeControllerImplTest]: class path resource [com/example/rqchallenge/employees/IEmployeeControllerImplTest-context.xml] does not exist
22:46:27.987 [Test worker] DEBUG org.springframework.test.context.support.AbstractContextLoader - Did not detect default resource location for test class [com.example.rqchallenge.employees.IEmployeeControllerImplTest]: class path resource [com/example/rqchallenge/employees/IEmployeeControllerImplTestContext.groovy] does not exist
22:46:27.988 [Test worker] INFO org.springframework.test.context.support.AbstractContextLoader - Could not detect default resource locations for test class [com.example.rqchallenge.employees.IEmployeeControllerImplTest]: no resource found for suffixes {-context.xml, Context.groovy}.
22:46:27.994 [Test worker] INFO org.springframework.test.context.support.AnnotationConfigContextLoaderUtils - Could not detect default configuration classes for test class [com.example.rqchallenge.employees.IEmployeeControllerImplTest]: IEmployeeControllerImplTest does not declare any static, non-private, non-final, nested classes annotated with @Configuration.
22:46:28.169 [Test worker] DEBUG org.springframework.test.context.support.ActiveProfilesUtils - Could not find an 'annotation declaring class' for annotation type [org.springframework.test.context.ActiveProfiles] and class [com.example.rqchallenge.employees.IEmployeeControllerImplTest]
22:46:28.310 [Test worker] DEBUG org.springframework.context.annotation.ClassPathScanningCandidateComponentProvider - Identified candidate component class: file [C:\Users\Nimish\Downloads\assignment\te\java-employee-challenge\build\classes\java\main\com\example\rqchallenge\RqChallengeApplication.class]
22:46:28.313 [Test worker] INFO org.springframework.boot.test.context.SpringBootTestContextBootstrapper - Found @SpringBootConfiguration com.example.rqchallenge.RqChallengeApplication for test class com.example.rqchallenge.employees.IEmployeeControllerImplTest
22:46:28.320 [Test worker] DEBUG org.springframework.boot.test.autoconfigure.web.servlet.WebMvcTestContextBootstrapper - @TestExecutionListeners is not present for class [com.example.rqchallenge.employees.IEmployeeControllerImplTest]: using defaults.
22:46:28.321 [Test worker] INFO org.springframework.boot.test.autoconfigure.web.servlet.WebMvcTestContextBootstrapper - Loaded default TestExecutionListener class names from location [META-INF/spring.factories]: [org.springframework.boot.test.autoconfigure.restdocs.RestDocsTestExecutionListener, org.springframework.boot.test.autoconfigure.web.client.MockRestServiceServerResetTestExecutionListener, org.springframework.boot.test.autoconfigure.web.servlet.MockMvcPrintOnlyOnFailureTestExecutionListener, org.springframework.boot.test.autoconfigure.web.servlet.WebDriverTestExecutionListener, org.springframework.boot.test.autoconfigure.webservices.client.MockWebServiceServerTestExecutionListener, org.springframework.boot.test.mock.mockito.MockitoTestExecutionListener, org.springframework.boot.test.mock.mockito.ResetMocksTestExecutionListener, org.springframework.test.context.web.ServletTestExecutionListener, org.springframework.test.context.support.DirtiesContextBeforeModesTestExecutionListener, org.springframework.test.context.event.ApplicationEventsTestExecutionListener, org.springframework.test.context.support.DependencyInjectionTestExecutionListener, org.springframework.test.context.support.DirtiesContextTestExecutionListener, org.springframework.test.context.transaction.TransactionalTestExecutionListener, org.springframework.test.context.jdbc.SqlScriptsTestExecutionListener, org.springframework.test.context.event.EventPublishingTestExecutionListener]
22:46:28.358 [Test worker] DEBUG org.springframework.boot.test.autoconfigure.web.servlet.WebMvcTestContextBootstrapper - Skipping candidate TestExecutionListener [org.springframework.test.context.transaction.TransactionalTestExecutionListener] due to a missing dependency. Specify custom listener classes or make the default listener classes and their required dependencies available. Offending class: [org/springframework/transaction/interceptor/TransactionAttributeSource]
22:46:28.359 [Test worker] DEBUG org.springframework.boot.test.autoconfigure.web.servlet.WebMvcTestContextBootstrapper - Skipping candidate TestExecutionListener [org.springframework.test.context.jdbc.SqlScriptsTestExecutionListener] due to a missing dependency. Specify custom listener classes or make the default listener classes and their required dependencies available. Offending class: [org/springframework/transaction/interceptor/TransactionAttribute]
22:46:28.360 [Test worker] INFO org.springframework.boot.test.autoconfigure.web.servlet.WebMvcTestContextBootstrapper - Using TestExecutionListeners: [org.springframework.test.context.web.ServletTestExecutionListener@3b366632, org.springframework.test.context.support.DirtiesContextBeforeModesTestExecutionListener@51f49060, org.springframework.test.context.event.ApplicationEventsTestExecutionListener@514eedd8, org.springframework.boot.test.mock.mockito.MockitoTestExecutionListener@617fe9e1, org.springframework.boot.test.autoconfigure.SpringBootDependencyInjectionTestExecutionListener@6970140a, org.springframework.test.context.support.DirtiesContextTestExecutionListener@1cf2fed4, org.springframework.test.context.event.EventPublishingTestExecutionListener@3af4e0bf, org.springframework.boot.test.autoconfigure.restdocs.RestDocsTestExecutionListener@245a26e1, org.springframework.boot.test.autoconfigure.web.client.MockRestServiceServerResetTestExecutionListener@4d63b624, org.springframework.boot.test.autoconfigure.web.servlet.MockMvcPrintOnlyOnFailureTestExecutionListener@466cf502, org.springframework.boot.test.autoconfigure.web.servlet.WebDriverTestExecutionListener@5b800468, org.springframework.boot.test.autoconfigure.webservices.client.MockWebServiceServerTestExecutionListener@2e185cd7, org.springframework.boot.test.mock.mockito.ResetMocksTestExecutionListener@7e1a1da6]
22:46:28.378 [Test worker] DEBUG org.springframework.test.context.support.AbstractDirtiesContextTestExecutionListener - Before test class: context [DefaultTestContext@55e7a35c testClass = IEmployeeControllerImplTest, testInstance = [null], testMethod = [null], testException = [null], mergedContextConfiguration = [WebMergedContextConfiguration@37cd92d6 testClass = IEmployeeControllerImplTest, locations = '{}', classes = '{class com.example.rqchallenge.RqChallengeApplication}', contextInitializerClasses = '[]', activeProfiles = '{}', propertySourceLocations = '{}', propertySourceProperties = '{org.springframework.boot.test.autoconfigure.web.servlet.WebMvcTestContextBootstrapper=true}', contextCustomizers = set[org.springframework.boot.test.autoconfigure.OverrideAutoConfigurationContextCustomizerFactory$DisableAutoConfigurationContextCustomizer@4e28bdd1, org.springframework.boot.test.autoconfigure.actuate.metrics.MetricsExportContextCustomizerFactory$DisableMetricExportContextCustomizer@73db4768, org.springframework.boot.test.autoconfigure.filter.TypeExcludeFiltersContextCustomizer@cf893dc6, org.springframework.boot.test.autoconfigure.properties.PropertyMappingContextCustomizer@4274b75a, org.springframework.boot.test.autoconfigure.web.servlet.WebDriverContextCustomizerFactory$Customizer@58e6d4b8, [ImportsContextCustomizer@5922ae77 key = [org.springframework.boot.autoconfigure.cache.CacheAutoConfiguration, org.springframework.boot.autoconfigure.context.MessageSourceAutoConfiguration, org.springframework.boot.autoconfigure.data.web.SpringDataWebAutoConfiguration, org.springframework.boot.autoconfigure.freemarker.FreeMarkerAutoConfiguration, org.springframework.boot.autoconfigure.groovy.template.GroovyTemplateAutoConfiguration, org.springframework.boot.autoconfigure.gson.GsonAutoConfiguration, org.springframework.boot.autoconfigure.hateoas.HypermediaAutoConfiguration, org.springframework.boot.autoconfigure.http.HttpMessageConvertersAutoConfiguration, org.springframework.boot.autoconfigure.jackson.JacksonAutoConfiguration, org.springframework.boot.autoconfigure.jsonb.JsonbAutoConfiguration, org.springframework.boot.autoconfigure.mustache.MustacheAutoConfiguration, org.springframework.boot.autoconfigure.task.TaskExecutionAutoConfiguration, org.springframework.boot.autoconfigure.thymeleaf.ThymeleafAutoConfiguration, org.springframework.boot.autoconfigure.validation.ValidationAutoConfiguration, org.springframework.boot.autoconfigure.web.servlet.error.ErrorMvcAutoConfiguration, org.springframework.boot.autoconfigure.web.servlet.HttpEncodingAutoConfiguration, org.springframework.boot.autoconfigure.web.servlet.WebMvcAutoConfiguration, org.springframework.boot.test.autoconfigure.web.servlet.MockMvcAutoConfiguration, org.springframework.boot.test.autoconfigure.web.servlet.MockMvcWebClientAutoConfiguration, org.springframework.boot.test.autoconfigure.web.servlet.MockMvcWebDriverAutoConfiguration, org.springframework.boot.autoconfigure.security.oauth2.client.servlet.OAuth2ClientAutoConfiguration, org.springframework.boot.autoconfigure.security.oauth2.resource.servlet.OAuth2ResourceServerAutoConfiguration, org.springframework.boot.autoconfigure.security.servlet.SecurityAutoConfiguration, org.springframework.boot.autoconfigure.security.servlet.SecurityFilterAutoConfiguration, org.springframework.boot.autoconfigure.security.servlet.UserDetailsServiceAutoConfiguration, org.springframework.boot.test.autoconfigure.web.servlet.MockMvcSecurityConfiguration, org.springframework.boot.test.autoconfigure.web.reactive.WebTestClientAutoConfiguration]], org.springframework.boot.test.context.filter.ExcludeFilterContextCustomizer@3a94964, org.springframework.boot.test.json.DuplicateJsonObjectContextCustomizerFactory$DuplicateJsonObjectContextCustomizer@631e06ab, org.springframework.boot.test.mock.mockito.MockitoContextCustomizer@ad5182d4, org.springframework.boot.test.context.SpringBootTestArgs@1, org.springframework.boot.test.context.SpringBootTestWebEnvironment@0], resourceBasePath = 'src/main/webapp', contextLoader = 'org.springframework.boot.test.context.SpringBootContextLoader', parent = [null]], attributes = map[[empty]]], class annotated with @DirtiesContext [false] with mode [null].
22:46:28.525 [Test worker] DEBUG org.springframework.boot.ApplicationServletEnvironment - Activating profiles []
22:46:28.576 [Test worker] DEBUG org.springframework.test.context.support.TestPropertySourceUtils - Adding inlined properties to environment: {spring.jmx.enabled=false, org.springframework.boot.test.autoconfigure.web.servlet.WebMvcTestContextBootstrapper=true}

  .   ____          _            __ _ _
 /\\ / ___'_ __ _ _(_)_ __  __ _ \ \ \ \
( ( )\___ | '_ | '_| | '_ \/ _` | \ \ \ \
 \\/  ___)| |_)| | | | | || (_| |  ) ) ) )
  '  |____| .__|_| |_|_| |_\__, | / / / /
 =========|_|==============|___/=/_/_/_/
 :: Spring Boot ::                (v2.6.1)

2023-10-10 22:46:29.157  INFO 15004 --- [    Test worker] c.e.r.e.IEmployeeControllerImplTest      : Starting IEmployeeControllerImplTest using Java 17.0.8 on LAPTOP-D6F6AQLE with PID 15004 (started by Nimish in C:\Users\Nimish\Downloads\assignment\te\java-employee-challenge)
2023-10-10 22:46:29.158  INFO 15004 --- [    Test worker] c.e.r.e.IEmployeeControllerImplTest      : No active profile set, falling back to default profiles: default
2023-10-10 22:46:31.889  INFO 15004 --- [    Test worker] o.s.b.t.m.w.SpringBootMockServletContext : Initializing Spring TestDispatcherServlet ''
2023-10-10 22:46:31.889  INFO 15004 --- [    Test worker] o.s.t.web.servlet.TestDispatcherServlet  : Initializing Servlet ''
2023-10-10 22:46:31.891  INFO 15004 --- [    Test worker] o.s.t.web.servlet.TestDispatcherServlet  : Completed initialization in 1 ms
2023-10-10 22:46:31.945  INFO 15004 --- [    Test worker] c.e.r.e.IEmployeeControllerImplTest      : Started IEmployeeControllerImplTest in 3.365 seconds (JVM running for 5.662)
2023-10-10 22:46:31.976  INFO 15004 --- [    Test worker] c.e.r.e.IEmployeeControllerImplTest      : testGetTopTenHighestEarningEmployeeNames
2023-10-10 22:46:32.102  INFO 15004 --- [    Test worker] c.e.r.e.IEmployeeControllerImplTest      : Status:200::["test1","random1","test2","random2","test3","random3","test4","random4","test5","random5"]
2023-10-10 22:46:32.127  INFO 15004 --- [    Test worker] c.e.r.e.IEmployeeControllerImplTest      : testGetHighestSalaryOfEmployees
2023-10-10 22:46:32.135  INFO 15004 --- [    Test worker] c.e.r.e.IEmployeeControllerImplTest      : Status:200::750000
2023-10-10 22:46:32.143  INFO 15004 --- [    Test worker] c.e.r.e.IEmployeeControllerImplTest      : testDeleteEmployeeById
2023-10-10 22:46:32.162  INFO 15004 --- [    Test worker] c.e.r.e.IEmployeeControllerImplTest      : Status:200::{data=12, message=Successfully! Record has been deleted, status=success}
2023-10-10 22:46:32.170  INFO 15004 --- [    Test worker] c.e.r.e.IEmployeeControllerImplTest      : testGetEmployeeById
2023-10-10 22:46:32.224  INFO 15004 --- [    Test worker] c.e.r.e.IEmployeeControllerImplTest      : Status:200::{"id":1,"employee_name":"tigor test","employee_age":0,"employee_salary":0,"profile_image":null}
2023-10-10 22:46:32.232  INFO 15004 --- [    Test worker] c.e.r.e.IEmployeeControllerImplTest      : testCreateEmployee
2023-10-10 22:46:32.307  INFO 15004 --- [    Test worker] c.e.r.e.IEmployeeControllerImplTest      : Status:200::{"id":12,"employee_name":"tigor test","employee_age":0,"employee_salary":0,"profile_image":null}
2023-10-10 22:46:32.314  INFO 15004 --- [    Test worker] c.e.r.e.IEmployeeControllerImplTest      : testGetAllEmployees
2023-10-10 22:46:32.318  INFO 15004 --- [    Test worker] c.e.r.e.IEmployeeControllerImplTest      : Status:200::[{"id":1,"employee_name":"tigor test","employee_age":0,"employee_salary":0,"profile_image":null},{"id":2,"employee_name":"random user","employee_age":0,"employee_salary":0,"profile_image":null}]
2023-10-10 22:46:32.325  INFO 15004 --- [    Test worker] c.e.r.e.IEmployeeControllerImplTest      : testGetEmployeesByNameSearch
2023-10-10 22:46:32.329  INFO 15004 --- [    Test worker] c.e.r.e.IEmployeeControllerImplTest      : Status:200::[{"id":1,"employee_name":"tigor test","employee_age":0,"employee_salary":0,"profile_image":null},{"id":2,"employee_name":"random user","employee_age":0,"employee_salary":0,"profile_image":null}]
]]></system-out>
  <system-err><![CDATA[]]></system-err>
</testsuite>
